[2025-01-16T13:59:03.447155+01:00] CancionLogger.INFO: Página de listado de canciones cargada [] []
[2025-01-16T13:59:03.449737+01:00] CancionLogger.INFO: Se encontraron canciones en la base de datos [] []
[2025-01-16T13:59:04.352949+01:00] CancionLogger.INFO: Página de listado de canciones cargada [] []
[2025-01-16T13:59:04.354015+01:00] CancionLogger.INFO: Se encontraron canciones en la base de datos [] []
[2025-01-16T13:59:22.900800+01:00] CancionLogger.INFO: Página de listado de canciones cargada [] []
[2025-01-16T13:59:22.901982+01:00] CancionLogger.INFO: Se encontraron canciones en la base de datos [] []
[2025-01-16T13:59:28.156279+01:00] CancionLogger.INFO: Página de listado de canciones cargada [] []
[2025-01-16T13:59:28.157694+01:00] CancionLogger.INFO: Se encontraron canciones en la base de datos [] []
[2025-01-16T14:00:13.577853+01:00] CancionLogger.INFO: Canción con ID 16 eliminada exitosamente [] []
[2025-01-16T14:00:13.608114+01:00] CancionLogger.INFO: Página de listado de canciones cargada [] []
[2025-01-16T14:00:13.609080+01:00] CancionLogger.INFO: Se encontraron canciones en la base de datos [] []
[2025-01-16T14:00:16.005487+01:00] CancionLogger.INFO: Canción con ID 15 eliminada exitosamente [] []
[2025-01-16T14:00:16.027912+01:00] CancionLogger.INFO: Página de listado de canciones cargada [] []
[2025-01-16T14:00:16.028876+01:00] CancionLogger.INFO: Se encontraron canciones en la base de datos [] []
[2025-01-16T14:00:21.720030+01:00] CancionLogger.INFO: Canción con ID 80 actualizada correctamente [] []
[2025-01-16T14:00:21.748814+01:00] CancionLogger.INFO: Página de listado de canciones cargada [] []
[2025-01-16T14:00:21.749769+01:00] CancionLogger.INFO: Se encontraron canciones en la base de datos [] []
[2025-01-16T14:02:05.933066+01:00] CancionLogger.INFO: Página de listado de canciones cargada [] []
[2025-01-16T14:02:05.934239+01:00] CancionLogger.INFO: Se encontraron canciones en la base de datos [] []
[2025-01-16T14:02:10.842191+01:00] CancionLogger.INFO: Canción con ID 17 eliminada exitosamente [] []
[2025-01-16T14:02:10.870921+01:00] CancionLogger.INFO: Página de listado de canciones cargada [] []
[2025-01-16T14:02:10.871870+01:00] CancionLogger.INFO: Se encontraron canciones en la base de datos [] []
[2025-01-16T14:04:41.048313+01:00] CancionLogger.INFO: Página de listado de canciones cargada [] []
[2025-01-16T14:04:41.049471+01:00] CancionLogger.INFO: Se encontraron canciones en la base de datos [] []
[2025-01-16T14:04:44.235414+01:00] CancionLogger.INFO: Página de listado de canciones cargada [] []
[2025-01-16T14:04:44.237942+01:00] CancionLogger.INFO: Se encontraron canciones en la base de datos [] []
[2025-01-16T14:04:46.048628+01:00] CancionLogger.INFO: Página de listado de canciones cargada [] []
[2025-01-16T14:04:46.049567+01:00] CancionLogger.INFO: Se encontraron canciones en la base de datos [] []
[2025-01-16T14:04:47.218955+01:00] CancionLogger.INFO: Página de listado de canciones cargada [] []
[2025-01-16T14:04:47.220014+01:00] CancionLogger.INFO: Se encontraron canciones en la base de datos [] []
[2025-01-16T14:04:48.421217+01:00] CancionLogger.INFO: Página de listado de canciones cargada [] []
[2025-01-16T14:04:48.422227+01:00] CancionLogger.INFO: Se encontraron canciones en la base de datos [] []
[2025-01-16T14:04:49.392157+01:00] CancionLogger.INFO: Página de listado de canciones cargada [] []
[2025-01-16T14:04:49.394420+01:00] CancionLogger.INFO: Se encontraron canciones en la base de datos [] []
[2025-01-16T14:17:35.927041+01:00] CancionLogger.INFO: Página de listado de canciones cargada [] []
[2025-01-16T14:17:35.928254+01:00] CancionLogger.INFO: Se encontraron canciones en la base de datos [] []
[2025-01-16T14:17:56.839234+01:00] CancionLogger.INFO: Página de listado de canciones cargada [] []
[2025-01-16T14:17:56.840399+01:00] CancionLogger.INFO: Se encontraron canciones en la base de datos [] []
[2025-01-16T14:18:02.998025+01:00] CancionLogger.INFO: Página de listado de canciones cargada [] []
[2025-01-16T14:18:02.999100+01:00] CancionLogger.INFO: Se encontraron canciones en la base de datos [] []
[2025-01-16T14:18:06.124955+01:00] CancionLogger.INFO: Página de listado de canciones cargada [] []
[2025-01-16T14:18:06.125907+01:00] CancionLogger.INFO: Se encontraron canciones en la base de datos [] []
[2025-01-16T14:18:22.818912+01:00] CancionLogger.INFO: Página de listado de canciones cargada [] []
[2025-01-16T14:18:22.821055+01:00] CancionLogger.INFO: Se encontraron canciones en la base de datos [] []
[2025-01-16T14:21:47.424898+01:00] CancionLogger.INFO: Página de listado de canciones cargada [] []
[2025-01-16T14:21:47.427814+01:00] CancionLogger.INFO: Se encontraron canciones en la base de datos [] []
[2025-01-16T14:21:48.150493+01:00] CancionLogger.INFO: Página de listado de canciones cargada [] []
[2025-01-16T14:21:48.151468+01:00] CancionLogger.INFO: Se encontraron canciones en la base de datos [] []
[2025-01-16T14:21:48.332619+01:00] CancionLogger.INFO: Página de listado de canciones cargada [] []
[2025-01-16T14:21:48.333569+01:00] CancionLogger.INFO: Se encontraron canciones en la base de datos [] []
[2025-01-16T14:21:48.517041+01:00] CancionLogger.INFO: Página de listado de canciones cargada [] []
[2025-01-16T14:21:48.518072+01:00] CancionLogger.INFO: Se encontraron canciones en la base de datos [] []
[2025-01-17T10:04:20.129554+01:00] CancionLogger.WARNING: Intento de acceso sin autenticar [] []
[2025-01-17T10:04:30.943405+01:00] CancionLogger.INFO: Página de listado de canciones cargada [] []
[2025-01-17T10:04:30.944618+01:00] CancionLogger.INFO: Se encontraron canciones en la base de datos [] []
[2025-01-17T10:04:37.976469+01:00] CancionLogger.INFO: Canción con ID 16 eliminada exitosamente [] []
[2025-01-17T10:04:37.992748+01:00] CancionLogger.INFO: Página de listado de canciones cargada [] []
[2025-01-17T10:04:37.993674+01:00] CancionLogger.INFO: Se encontraron canciones en la base de datos [] []
[2025-01-17T10:10:53.066767+01:00] CancionLogger.INFO: Página de listado de canciones cargada [] []
[2025-01-17T10:10:53.067959+01:00] CancionLogger.INFO: Se encontraron canciones en la base de datos [] []
[2025-01-17T10:12:25.154180+01:00] CancionLogger.WARNING: Intento de acceso sin autenticar [] []
[2025-01-17T10:19:48.824458+01:00] CancionLogger.INFO: Página de listado de canciones cargada [] []
[2025-01-17T10:19:48.825658+01:00] CancionLogger.INFO: Se encontraron canciones en la base de datos [] []
[2025-01-17T10:20:30.468676+01:00] CancionLogger.INFO: Página de listado de canciones cargada [] []
[2025-01-17T10:20:30.471790+01:00] CancionLogger.INFO: Se encontraron canciones en la base de datos [] []
[2025-01-17T10:20:31.715148+01:00] CancionLogger.INFO: Página de listado de canciones cargada [] []
[2025-01-17T10:20:31.716529+01:00] CancionLogger.INFO: Se encontraron canciones en la base de datos [] []
[2025-01-17T10:20:32.877642+01:00] CancionLogger.INFO: Página de listado de canciones cargada [] []
[2025-01-17T10:20:32.878679+01:00] CancionLogger.INFO: Se encontraron canciones en la base de datos [] []
[2025-01-17T10:20:34.305487+01:00] CancionLogger.INFO: Página de listado de canciones cargada [] []
[2025-01-17T10:20:34.306546+01:00] CancionLogger.INFO: Se encontraron canciones en la base de datos [] []
[2025-01-17T10:20:38.484580+01:00] CancionLogger.INFO: Página de listado de canciones cargada [] []
[2025-01-17T10:20:38.485635+01:00] CancionLogger.INFO: Se encontraron canciones en la base de datos [] []
[2025-01-17T10:24:48.153249+01:00] CancionLogger.INFO: Página de listado de canciones cargada [] []
[2025-01-17T10:24:48.154492+01:00] CancionLogger.INFO: Se encontraron canciones en la base de datos [] []
[2025-01-17T10:32:09.912265+01:00] CancionLogger.INFO: Página de listado de canciones cargada [] []
[2025-01-17T10:32:09.913486+01:00] CancionLogger.INFO: Se encontraron canciones en la base de datos [] []
[2025-01-17T10:32:18.187042+01:00] CancionLogger.INFO: Canción con ID 66 eliminada exitosamente [] []
[2025-01-17T10:32:18.201980+01:00] CancionLogger.INFO: Página de listado de canciones cargada [] []
[2025-01-17T10:32:18.202954+01:00] CancionLogger.INFO: Se encontraron canciones en la base de datos [] []
[2025-01-17T10:32:19.956046+01:00] CancionLogger.INFO: Canción con ID 16 eliminada exitosamente [] []
[2025-01-17T10:32:19.987172+01:00] CancionLogger.INFO: Página de listado de canciones cargada [] []
[2025-01-17T10:32:19.988148+01:00] CancionLogger.INFO: Se encontraron canciones en la base de datos [] []
[2025-01-17T10:32:25.825877+01:00] CancionLogger.INFO: Canción con ID 80 actualizada correctamente [] []
[2025-01-17T10:32:25.843358+01:00] CancionLogger.INFO: Página de listado de canciones cargada [] []
[2025-01-17T10:32:25.844329+01:00] CancionLogger.INFO: Se encontraron canciones en la base de datos [] []
[2025-01-17T18:05:41.977336+01:00] CancionLogger.WARNING: Intento de acceso sin autenticar [] []
[2025-01-17T18:05:49.559479+01:00] CancionLogger.INFO: Página de listado de canciones cargada [] []
[2025-01-17T18:05:49.563190+01:00] CancionLogger.INFO: Se encontraron canciones en la base de datos [] []
[2025-01-17T18:06:11.340041+01:00] CancionLogger.INFO: Página de listado de canciones cargada [] []
[2025-01-17T18:06:11.343890+01:00] CancionLogger.INFO: Se encontraron canciones en la base de datos [] []
[2025-01-17T18:06:13.571143+01:00] CancionLogger.INFO: Página de listado de canciones cargada [] []
[2025-01-17T18:06:13.575126+01:00] CancionLogger.INFO: Se encontraron canciones en la base de datos [] []
[2025-01-17T18:06:15.920226+01:00] CancionLogger.INFO: Página de listado de canciones cargada [] []
[2025-01-17T18:06:15.924197+01:00] CancionLogger.INFO: Se encontraron canciones en la base de datos [] []
[2025-01-17T18:06:42.382347+01:00] CancionLogger.INFO: Canción con ID 80 actualizada correctamente [] []
[2025-01-17T18:06:42.434393+01:00] CancionLogger.INFO: Página de listado de canciones cargada [] []
[2025-01-17T18:06:42.438187+01:00] CancionLogger.INFO: Se encontraron canciones en la base de datos [] []
[2025-01-17T18:07:02.597719+01:00] CancionLogger.INFO: Página de listado de canciones cargada [] []
[2025-01-17T18:07:02.601160+01:00] CancionLogger.INFO: Se encontraron canciones en la base de datos [] []
[2025-01-17T18:11:05.938688+01:00] CancionLogger.WARNING: Intento de acceso sin autenticar [] []
[2025-01-18T13:54:45.929232+01:00] CancionLogger.WARNING: Intento de acceso sin autenticar [] []
[2025-01-18T13:59:24.505725+01:00] CancionLogger.INFO: Página de listado de canciones cargada [] []
[2025-01-18T13:59:24.509444+01:00] CancionLogger.INFO: Se encontraron canciones en la base de datos [] []
[2025-01-18T14:01:50.523283+01:00] CancionLogger.INFO: Página de listado de canciones cargada [] []
[2025-01-18T14:01:50.528989+01:00] CancionLogger.INFO: Se encontraron canciones en la base de datos [] []
[2025-01-18T14:05:57.243047+01:00] CancionLogger.INFO: Página de listado de canciones cargada [] []
[2025-01-18T14:05:57.246028+01:00] CancionLogger.INFO: Se encontraron canciones en la base de datos [] []
[2025-01-18T14:06:11.287055+01:00] CancionLogger.INFO: Página de listado de canciones cargada [] []
[2025-01-18T14:06:11.292235+01:00] CancionLogger.INFO: Se encontraron canciones en la base de datos [] []
[2025-01-18T14:06:14.442937+01:00] CancionLogger.INFO: Página de listado de canciones cargada [] []
[2025-01-18T14:06:14.444833+01:00] CancionLogger.INFO: Se encontraron canciones en la base de datos [] []
[2025-01-18T14:16:21.851371+01:00] CancionLogger.INFO: Página de listado de canciones cargada [] []
[2025-01-18T14:16:21.856206+01:00] CancionLogger.INFO: Se encontraron canciones en la base de datos [] []
[2025-01-18T14:16:28.797509+01:00] CancionLogger.INFO: Página de listado de canciones cargada [] []
[2025-01-18T14:16:28.799445+01:00] CancionLogger.INFO: Se encontraron canciones en la base de datos [] []
[2025-01-18T14:16:29.875784+01:00] CancionLogger.INFO: Página de listado de canciones cargada [] []
[2025-01-18T14:16:29.878151+01:00] CancionLogger.INFO: Se encontraron canciones en la base de datos [] []
[2025-01-18T14:16:31.494511+01:00] CancionLogger.INFO: Página de listado de canciones cargada [] []
[2025-01-18T14:16:31.498337+01:00] CancionLogger.INFO: Se encontraron canciones en la base de datos [] []
[2025-01-18T14:16:33.021781+01:00] CancionLogger.INFO: Página de listado de canciones cargada [] []
[2025-01-18T14:16:33.024537+01:00] CancionLogger.INFO: Se encontraron canciones en la base de datos [] []
[2025-01-18T14:16:34.291612+01:00] CancionLogger.INFO: Página de listado de canciones cargada [] []
[2025-01-18T14:16:34.293703+01:00] CancionLogger.INFO: Se encontraron canciones en la base de datos [] []
[2025-01-18T14:16:36.015841+01:00] CancionLogger.INFO: Página de listado de canciones cargada [] []
[2025-01-18T14:16:36.018416+01:00] CancionLogger.INFO: Se encontraron canciones en la base de datos [] []
[2025-01-18T14:16:37.429805+01:00] CancionLogger.INFO: Página de listado de canciones cargada [] []
[2025-01-18T14:16:37.431939+01:00] CancionLogger.INFO: Se encontraron canciones en la base de datos [] []
[2025-01-18T14:16:39.088987+01:00] CancionLogger.INFO: Página de listado de canciones cargada [] []
[2025-01-18T14:16:39.091626+01:00] CancionLogger.INFO: Se encontraron canciones en la base de datos [] []
[2025-01-18T14:16:46.101521+01:00] CancionLogger.INFO: Página de listado de canciones cargada [] []
[2025-01-18T14:16:46.104841+01:00] CancionLogger.INFO: Se encontraron canciones en la base de datos [] []
[2025-01-18T14:16:49.436881+01:00] CancionLogger.INFO: Página de listado de canciones cargada [] []
[2025-01-18T14:16:49.439295+01:00] CancionLogger.INFO: Se encontraron canciones en la base de datos [] []
[2025-01-18T14:25:10.669797+01:00] CancionLogger.INFO: Página de listado de canciones cargada [] []
[2025-01-18T14:25:10.675253+01:00] CancionLogger.INFO: Se encontraron canciones en la base de datos [] []
[2025-01-18T14:25:29.192925+01:00] CancionLogger.INFO: Página de listado de canciones cargada [] []
[2025-01-18T14:25:29.194894+01:00] CancionLogger.INFO: Se encontraron canciones en la base de datos [] []
[2025-01-18T14:25:31.190376+01:00] CancionLogger.INFO: Página de listado de canciones cargada [] []
[2025-01-18T14:25:31.193148+01:00] CancionLogger.INFO: Se encontraron canciones en la base de datos [] []
[2025-01-18T14:25:33.673195+01:00] CancionLogger.INFO: Página de listado de canciones cargada [] []
[2025-01-18T14:25:33.675670+01:00] CancionLogger.INFO: Se encontraron canciones en la base de datos [] []
[2025-01-18T14:25:35.230897+01:00] CancionLogger.INFO: Página de listado de canciones cargada [] []
[2025-01-18T14:25:35.233336+01:00] CancionLogger.INFO: Se encontraron canciones en la base de datos [] []
[2025-01-18T14:25:36.624321+01:00] CancionLogger.INFO: Página de listado de canciones cargada [] []
[2025-01-18T14:25:36.626173+01:00] CancionLogger.INFO: Se encontraron canciones en la base de datos [] []
[2025-01-18T14:25:37.736368+01:00] CancionLogger.INFO: Página de listado de canciones cargada [] []
[2025-01-18T14:25:37.738825+01:00] CancionLogger.INFO: Se encontraron canciones en la base de datos [] []
[2025-01-18T14:25:38.887678+01:00] CancionLogger.INFO: Página de listado de canciones cargada [] []
[2025-01-18T14:25:38.890487+01:00] CancionLogger.INFO: Se encontraron canciones en la base de datos [] []
[2025-01-18T14:25:41.926614+01:00] CancionLogger.INFO: Página de listado de canciones cargada [] []
[2025-01-18T14:25:41.930148+01:00] CancionLogger.INFO: Se encontraron canciones en la base de datos [] []
[2025-01-18T14:25:43.412591+01:00] CancionLogger.INFO: Página de listado de canciones cargada [] []
[2025-01-18T14:25:43.414684+01:00] CancionLogger.INFO: Se encontraron canciones en la base de datos [] []
[2025-01-18T14:25:44.947181+01:00] CancionLogger.INFO: Página de listado de canciones cargada [] []
[2025-01-18T14:25:44.950615+01:00] CancionLogger.INFO: Se encontraron canciones en la base de datos [] []
[2025-01-18T14:25:46.852553+01:00] CancionLogger.INFO: Página de listado de canciones cargada [] []
[2025-01-18T14:25:46.854902+01:00] CancionLogger.INFO: Se encontraron canciones en la base de datos [] []
[2025-01-18T14:25:49.941491+01:00] CancionLogger.INFO: Página de listado de canciones cargada [] []
[2025-01-18T14:25:49.943830+01:00] CancionLogger.INFO: Se encontraron canciones en la base de datos [] []
[2025-01-18T14:25:52.673188+01:00] CancionLogger.INFO: Página de listado de canciones cargada [] []
[2025-01-18T14:25:52.674967+01:00] CancionLogger.INFO: Se encontraron canciones en la base de datos [] []
[2025-01-18T14:26:44.045356+01:00] CancionLogger.INFO: Página de listado de canciones cargada [] []
[2025-01-18T14:26:44.048114+01:00] CancionLogger.INFO: Se encontraron canciones en la base de datos [] []
[2025-01-18T16:53:01.541462+01:00] CancionLogger.INFO: Página de listado de canciones cargada [] []
[2025-01-18T16:53:01.552136+01:00] CancionLogger.INFO: Se encontraron canciones en la base de datos [] []
[2025-01-18T16:53:06.373300+01:00] CancionLogger.INFO: Página de listado de canciones cargada [] []
[2025-01-18T16:53:06.377011+01:00] CancionLogger.INFO: Se encontraron canciones en la base de datos [] []
[2025-01-18T16:55:26.054407+01:00] CancionLogger.WARNING: Intento de acceso sin autenticar [] []
[2025-01-18T16:55:41.783176+01:00] CancionLogger.INFO: Página de listado de canciones cargada [] []
[2025-01-18T16:55:41.787368+01:00] CancionLogger.INFO: Se encontraron canciones en la base de datos [] []
[2025-01-18T16:55:53.634353+01:00] CancionLogger.INFO: Página de listado de canciones cargada [] []
[2025-01-18T16:55:53.637443+01:00] CancionLogger.INFO: Se encontraron canciones en la base de datos [] []
[2025-01-18T16:55:57.681361+01:00] CancionLogger.INFO: Página de listado de canciones cargada [] []
[2025-01-18T16:55:57.685262+01:00] CancionLogger.INFO: Se encontraron canciones en la base de datos [] []
[2025-01-18T16:56:25.704159+01:00] CancionLogger.INFO: Página de listado de canciones cargada [] []
[2025-01-18T16:56:25.706250+01:00] CancionLogger.INFO: Se encontraron canciones en la base de datos [] []
[2025-01-18T16:57:06.349694+01:00] CancionLogger.INFO: Página de listado de canciones cargada [] []
[2025-01-18T16:57:06.351409+01:00] CancionLogger.INFO: Se encontraron canciones en la base de datos [] []
[2025-01-18T16:57:09.981965+01:00] CancionLogger.INFO: Canción con ID 4 eliminada exitosamente [] []
[2025-01-18T16:57:10.025420+01:00] CancionLogger.INFO: Página de listado de canciones cargada [] []
[2025-01-18T16:57:10.027213+01:00] CancionLogger.INFO: Se encontraron canciones en la base de datos [] []
[2025-01-18T16:57:51.006142+01:00] CancionLogger.INFO: Página de listado de canciones cargada [] []
[2025-01-18T16:57:51.009589+01:00] CancionLogger.INFO: Se encontraron canciones en la base de datos [] []
[2025-01-18T16:58:15.399493+01:00] CancionLogger.INFO: Canción con ID 80 actualizada correctamente [] []
[2025-01-18T16:58:15.419274+01:00] CancionLogger.INFO: Página de listado de canciones cargada [] []
[2025-01-18T16:58:15.421086+01:00] CancionLogger.INFO: Se encontraron canciones en la base de datos [] []
[2025-01-18T17:07:13.111542+01:00] CancionLogger.WARNING: Intento de acceso sin autenticar [] []
[2025-01-18T17:08:24.889178+01:00] CancionLogger.INFO: Página de listado de canciones cargada [] []
[2025-01-18T17:08:24.891123+01:00] CancionLogger.INFO: Se encontraron canciones en la base de datos [] []
[2025-01-18T17:08:37.592518+01:00] CancionLogger.INFO: Página de listado de canciones cargada [] []
[2025-01-18T17:08:37.595693+01:00] CancionLogger.INFO: Se encontraron canciones en la base de datos [] []
[2025-01-18T17:08:40.987810+01:00] CancionLogger.INFO: Página de listado de canciones cargada [] []
[2025-01-18T17:08:40.989409+01:00] CancionLogger.INFO: Se encontraron canciones en la base de datos [] []
[2025-01-18T17:08:42.559828+01:00] CancionLogger.INFO: Página de listado de canciones cargada [] []
[2025-01-18T17:08:42.561761+01:00] CancionLogger.INFO: Se encontraron canciones en la base de datos [] []
[2025-01-18T17:09:20.947331+01:00] CancionLogger.INFO: Canción con ID 16 eliminada exitosamente [] []
[2025-01-18T17:09:20.968224+01:00] CancionLogger.INFO: Página de listado de canciones cargada [] []
[2025-01-18T17:09:20.970573+01:00] CancionLogger.INFO: Se encontraron canciones en la base de datos [] []
[2025-01-18T17:09:31.864887+01:00] CancionLogger.INFO: Página de listado de canciones cargada [] []
[2025-01-18T17:09:31.867584+01:00] CancionLogger.INFO: Se encontraron canciones en la base de datos [] []
[2025-01-18T17:09:51.498550+01:00] CancionLogger.INFO: Página de listado de canciones cargada [] []
[2025-01-18T17:09:51.500082+01:00] CancionLogger.INFO: Se encontraron canciones en la base de datos [] []
[2025-01-18T17:17:50.719448+01:00] CancionLogger.WARNING: Intento de acceso sin autenticar [] []
[2025-01-18T17:18:21.326005+01:00] CancionLogger.INFO: Página de listado de canciones cargada [] []
[2025-01-18T17:18:21.329702+01:00] CancionLogger.INFO: Se encontraron canciones en la base de datos [] []
[2025-01-18T17:18:27.985243+01:00] CancionLogger.INFO: Página de listado de canciones cargada [] []
[2025-01-18T17:18:27.989207+01:00] CancionLogger.INFO: Se encontraron canciones en la base de datos [] []
[2025-01-18T17:18:29.504465+01:00] CancionLogger.INFO: Página de listado de canciones cargada [] []
[2025-01-18T17:18:29.507989+01:00] CancionLogger.INFO: Se encontraron canciones en la base de datos [] []
[2025-01-18T17:18:31.479755+01:00] CancionLogger.INFO: Página de listado de canciones cargada [] []
[2025-01-18T17:18:31.487574+01:00] CancionLogger.INFO: Se encontraron canciones en la base de datos [] []
[2025-01-18T17:18:44.452208+01:00] CancionLogger.INFO: Canción con ID 4 eliminada exitosamente [] []
[2025-01-18T17:18:44.515854+01:00] CancionLogger.INFO: Página de listado de canciones cargada [] []
[2025-01-18T17:18:44.520171+01:00] CancionLogger.INFO: Se encontraron canciones en la base de datos [] []
[2025-01-18T17:19:21.808020+01:00] CancionLogger.INFO: Canción con ID 80 actualizada correctamente [] []
[2025-01-18T17:19:21.842292+01:00] CancionLogger.INFO: Página de listado de canciones cargada [] []
[2025-01-18T17:19:21.845949+01:00] CancionLogger.INFO: Se encontraron canciones en la base de datos [] []
